2021-07-19 14:38:00.267  INFO 31522 --- [restartedMain] c.e.community.CommunityApplication       : Starting CommunityApplication on MBPdeguoxiaolin with PID 31522 (/Applications/code/community/target/classes started by guoxiaolin in /Applications/code/community)
2021-07-19 14:38:00.273  INFO 31522 --- [restartedMain] c.e.community.CommunityApplication       : No active profile set, falling back to default profiles: default
2021-07-19 14:38:00.343  INFO 31522 --- [restartedMain] .e.DevToolsPropertyDefaultsPostProcessor : Devtools property defaults active! Set 'spring.devtools.add-properties' to 'false' to disable
2021-07-19 14:38:00.343  INFO 31522 --- [restartedMain] .e.DevToolsPropertyDefaultsPostProcessor : For additional web related logging consider setting the 'logging.level.web' property to 'DEBUG'
2021-07-19 14:38:02.234  INFO 31522 --- [restartedMain] o.s.b.w.embedded.tomcat.TomcatWebServer  : Tomcat initialized with port(s): 8887 (http)
2021-07-19 14:38:02.246  INFO 31522 --- [restartedMain] o.apache.catalina.core.StandardService   : Starting service [Tomcat]
2021-07-19 14:38:02.246  INFO 31522 --- [restartedMain] org.apache.catalina.core.StandardEngine  : Starting Servlet engine: [Apache Tomcat/9.0.35]
2021-07-19 14:38:02.354  INFO 31522 --- [restartedMain] o.a.c.c.C.[Tomcat].[localhost].[/]       : Initializing Spring embedded WebApplicationContext
2021-07-19 14:38:02.354  INFO 31522 --- [restartedMain] o.s.web.context.ContextLoader            : Root WebApplicationContext: initialization completed in 2011 ms
2021-07-19 14:38:03.538  INFO 31522 --- [restartedMain] pertySourcedRequestMappingHandlerMapping : Mapped URL path [/v2/api-docs] onto method [springfox.documentation.swagger2.web.Swagger2Controller#getDocumentation(String, HttpServletRequest)]
2021-07-19 14:38:03.644  INFO 31522 --- [restartedMain] o.s.s.concurrent.ThreadPoolTaskExecutor  : Initializing ExecutorService 'applicationTaskExecutor'
2021-07-19 14:38:03.697  INFO 31522 --- [restartedMain] o.s.b.d.a.OptionalLiveReloadServer       : LiveReload server is running on port 35729
2021-07-19 14:38:03.727  INFO 31522 --- [restartedMain] o.s.b.a.w.s.WelcomePageHandlerMapping    : Adding welcome page template: index
2021-07-19 14:38:03.890  INFO 31522 --- [restartedMain] o.s.s.c.ThreadPoolTaskScheduler          : Initializing ExecutorService 'taskScheduler'
2021-07-19 14:38:04.054  INFO 31522 --- [restartedMain] o.s.b.w.embedded.tomcat.TomcatWebServer  : Tomcat started on port(s): 8887 (http) with context path ''
2021-07-19 14:38:04.055  INFO 31522 --- [restartedMain] d.s.w.p.DocumentationPluginsBootstrapper : Context refreshed
2021-07-19 14:38:04.072  INFO 31522 --- [restartedMain] d.s.w.p.DocumentationPluginsBootstrapper : Found 1 custom documentation plugin(s)
2021-07-19 14:38:04.115  INFO 31522 --- [restartedMain] s.d.s.w.s.ApiListingReferenceScanner     : Scanning for api listing references
2021-07-19 14:38:04.324  INFO 31522 --- [restartedMain] .d.s.w.r.o.CachingOperationNameGenerator : Generating unique operation named: profileUsingGET_1
2021-07-19 14:38:04.364  INFO 31522 --- [scheduling-1] c.e.community.schedule.HotTagTasks       : 开始时间： Mon Jul 19 14:38:04 CST 2021
2021-07-19 14:38:04.373  INFO 31522 --- [restartedMain] c.e.community.CommunityApplication       : Started CommunityApplication in 4.611 seconds (JVM running for 5.482)
2021-07-19 14:38:04.409  INFO 31522 --- [scheduling-1] com.zaxxer.hikari.HikariDataSource       : HikariPool-1 - Starting...
2021-07-19 14:38:04.758  INFO 31522 --- [scheduling-1] com.zaxxer.hikari.HikariDataSource       : HikariPool-1 - Start completed.
2021-07-19 14:38:04.829  INFO 31522 --- [scheduling-1] c.e.community.schedule.HotTagTasks       : 结束时间： Mon Jul 19 14:38:04 CST 2021
2021-07-19 14:38:26.595  INFO 31522 --- [http-nio-8887-exec-1] o.a.c.c.C.[Tomcat].[localhost].[/]       : Initializing Spring DispatcherServlet 'dispatcherServlet'
2021-07-19 14:38:26.595  INFO 31522 --- [http-nio-8887-exec-1] o.s.web.servlet.DispatcherServlet        : Initializing Servlet 'dispatcherServlet'
2021-07-19 14:38:26.606  INFO 31522 --- [http-nio-8887-exec-1] o.s.web.servlet.DispatcherServlet        : Completed initialization in 10 ms
2021-07-19 14:50:48.270  INFO 31522 --- [SpringContextShutdownHook] o.s.s.c.ThreadPoolTaskScheduler          : Shutting down ExecutorService 'taskScheduler'
2021-07-19 14:50:48.273  INFO 31522 --- [SpringContextShutdownHook] o.s.s.concurrent.ThreadPoolTaskExecutor  : Shutting down ExecutorService 'applicationTaskExecutor'
2021-07-19 14:50:48.277  INFO 31522 --- [SpringContextShutdownHook] com.zaxxer.hikari.HikariDataSource       : HikariPool-1 - Shutdown initiated...
2021-07-19 14:50:48.295  INFO 31522 --- [SpringContextShutdownHook] com.zaxxer.hikari.HikariDataSource       : HikariPool-1 - Shutdown completed.
2021-07-19 14:50:54.320 ERROR 31599 --- [restartedMain] o.s.boot.SpringApplication               : Application run failed

org.springframework.boot.context.properties.bind.BindException: Failed to bind properties under 'logging.level.info' to org.springframework.boot.logging.LogLevel
	at org.springframework.boot.context.properties.bind.Binder.handleBindError(Binder.java:363) ~[spring-boot-2.3.0.RELEASE.jar:2.3.0.RELEASE]
	at org.springframework.boot.context.properties.bind.Binder.bind(Binder.java:323) ~[spring-boot-2.3.0.RELEASE.jar:2.3.0.RELEASE]
	at org.springframework.boot.context.properties.bind.Binder.lambda$null$1(Binder.java:411) ~[spring-boot-2.3.0.RELEASE.jar:2.3.0.RELEASE]
	at org.springframework.boot.context.properties.bind.Binder$Context.withSource(Binder.java:542) ~[spring-boot-2.3.0.RELEASE.jar:2.3.0.RELEASE]
	at org.springframework.boot.context.properties.bind.Binder$Context.access$800(Binder.java:512) ~[spring-boot-2.3.0.RELEASE.jar:2.3.0.RELEASE]
	at org.springframework.boot.context.properties.bind.Binder.lambda$bindAggregate$2(Binder.java:412) ~[spring-boot-2.3.0.RELEASE.jar:2.3.0.RELEASE]
	at org.springframework.boot.context.properties.bind.AggregateElementBinder.bind(AggregateElementBinder.java:39) ~[spring-boot-2.3.0.RELEASE.jar:2.3.0.RELEASE]
	at org.springframework.boot.context.properties.bind.MapBinder$EntryBinder.lambda$bindEntries$0(MapBinder.java:157) ~[spring-boot-2.3.0.RELEASE.jar:2.3.0.RELEASE]
	at java.util.HashMap.computeIfAbsent(HashMap.java:1127) ~[na:1.8.0_211]
	at org.springframework.boot.context.properties.bind.MapBinder$EntryBinder.bindEntries(MapBinder.java:157) ~[spring-boot-2.3.0.RELEASE.jar:2.3.0.RELEASE]
	at org.springframework.boot.context.properties.bind.MapBinder.bindAggregate(MapBinder.java:68) ~[spring-boot-2.3.0.RELEASE.jar:2.3.0.RELEASE]
	at org.springframework.boot.context.properties.bind.AggregateBinder.bind(AggregateBinder.java:56) ~[spring-boot-2.3.0.RELEASE.jar:2.3.0.RELEASE]
	at org.springframework.boot.context.properties.bind.Binder.lambda$bindAggregate$3(Binder.java:414) ~[spring-boot-2.3.0.RELEASE.jar:2.3.0.RELEASE]
	at org.springframework.boot.context.properties.bind.Binder$Context.withIncreasedDepth(Binder.java:571) ~[spring-boot-2.3.0.RELEASE.jar:2.3.0.RELEASE]
	at org.springframework.boot.context.properties.bind.Binder$Context.access$100(Binder.java:512) ~[spring-boot-2.3.0.RELEASE.jar:2.3.0.RELEASE]
	at org.springframework.boot.context.properties.bind.Binder.bindAggregate(Binder.java:414) ~[spring-boot-2.3.0.RELEASE.jar:2.3.0.RELEASE]
	at org.springframework.boot.context.properties.bind.Binder.bindObject(Binder.java:375) ~[spring-boot-2.3.0.RELEASE.jar:2.3.0.RELEASE]
	at org.springframework.boot.context.properties.bind.Binder.bind(Binder.java:319) ~[spring-boot-2.3.0.RELEASE.jar:2.3.0.RELEASE]
	at org.springframework.boot.context.properties.bind.Binder.bind(Binder.java:308) ~[spring-boot-2.3.0.RELEASE.jar:2.3.0.RELEASE]
	at org.springframework.boot.context.properties.bind.Binder.bind(Binder.java:238) ~[spring-boot-2.3.0.RELEASE.jar:2.3.0.RELEASE]
	at org.springframework.boot.context.properties.bind.Binder.bind(Binder.java:212) ~[spring-boot-2.3.0.RELEASE.jar:2.3.0.RELEASE]
	at org.springframework.boot.context.logging.LoggingApplicationListener.setLogLevels(LoggingApplicationListener.java:364) ~[spring-boot-2.3.0.RELEASE.jar:2.3.0.RELEASE]
	at org.springframework.boot.context.logging.LoggingApplicationListener.initializeFinalLoggingLevels(LoggingApplicationListener.java:331) ~[spring-boot-2.3.0.RELEASE.jar:2.3.0.RELEASE]
	at org.springframework.boot.context.logging.LoggingApplicationListener.initialize(LoggingApplicationListener.java:282) ~[spring-boot-2.3.0.RELEASE.jar:2.3.0.RELEASE]
	at org.springframework.boot.context.logging.LoggingApplicationListener.onApplicationEnvironmentPreparedEvent(LoggingApplicationListener.java:239) ~[spring-boot-2.3.0.RELEASE.jar:2.3.0.RELEASE]
	at org.springframework.boot.context.logging.LoggingApplicationListener.onApplicationEvent(LoggingApplicationListener.java:216) ~[spring-boot-2.3.0.RELEASE.jar:2.3.0.RELEASE]
	at org.springframework.context.event.SimpleApplicationEventMulticaster.doInvokeListener(SimpleApplicationEventMulticaster.java:172) ~[spring-context-5.2.6.RELEASE.jar:5.2.6.RELEASE]
	at org.springframework.context.event.SimpleApplicationEventMulticaster.invokeListener(SimpleApplicationEventMulticaster.java:165) ~[spring-context-5.2.6.RELEASE.jar:5.2.6.RELEASE]
	at org.springframework.context.event.SimpleApplicationEventMulticaster.multicastEvent(SimpleApplicationEventMulticaster.java:139) ~[spring-context-5.2.6.RELEASE.jar:5.2.6.RELEASE]
	at org.springframework.context.event.SimpleApplicationEventMulticaster.multicastEvent(SimpleApplicationEventMulticaster.java:127) ~[spring-context-5.2.6.RELEASE.jar:5.2.6.RELEASE]
	at org.springframework.boot.context.event.EventPublishingRunListener.environmentPrepared(EventPublishingRunListener.java:80) ~[spring-boot-2.3.0.RELEASE.jar:2.3.0.RELEASE]
	at org.springframework.boot.SpringApplicationRunListeners.environmentPrepared(SpringApplicationRunListeners.java:53) ~[spring-boot-2.3.0.RELEASE.jar:2.3.0.RELEASE]
	at org.springframework.boot.SpringApplication.prepareEnvironment(SpringApplication.java:345) [spring-boot-2.3.0.RELEASE.jar:2.3.0.RELEASE]
	at org.springframework.boot.SpringApplication.run(SpringApplication.java:308) [spring-boot-2.3.0.RELEASE.jar:2.3.0.RELEASE]
	at org.springframework.boot.SpringApplication.run(SpringApplication.java:1237) [spring-boot-2.3.0.RELEASE.jar:2.3.0.RELEASE]
	at org.springframework.boot.SpringApplication.run(SpringApplication.java:1226) [spring-boot-2.3.0.RELEASE.jar:2.3.0.RELEASE]
	at com.example.community.CommunityApplication.main(CommunityApplication.java:17) [classes/:na]
	at sun.reflect.NativeMethodAccessorImpl.invoke0(Native Method) ~[na:1.8.0_211]
	at sun.reflect.NativeMethodAccessorImpl.invoke(NativeMethodAccessorImpl.java:62) ~[na:1.8.0_211]
	at sun.reflect.DelegatingMethodAccessorImpl.invoke(DelegatingMethodAccessorImpl.java:43) ~[na:1.8.0_211]
	at java.lang.reflect.Method.invoke(Method.java:498) ~[na:1.8.0_211]
	at org.springframework.boot.devtools.restart.RestartLauncher.run(RestartLauncher.java:49) [spring-boot-devtools-2.3.0.RELEASE.jar:2.3.0.RELEASE]
Caused by: org.springframework.core.convert.ConversionFailedException: Failed to convert from type [java.lang.String] to type [org.springframework.boot.logging.LogLevel] for value 'root'; nested exception is java.lang.IllegalArgumentException: No enum constant org.springframework.boot.logging.LogLevel.root
	at org.springframework.core.convert.support.ConversionUtils.invokeConverter(ConversionUtils.java:47) ~[spring-core-5.2.6.RELEASE.jar:5.2.6.RELEASE]
	at org.springframework.core.convert.support.GenericConversionService.convert(GenericConversionService.java:191) ~[spring-core-5.2.6.RELEASE.jar:5.2.6.RELEASE]
	at org.springframework.boot.context.properties.bind.BindConverter$CompositeConversionService.convert(BindConverter.java:170) ~[spring-boot-2.3.0.RELEASE.jar:2.3.0.RELEASE]
	at org.springframework.boot.context.properties.bind.BindConverter.convert(BindConverter.java:96) ~[spring-boot-2.3.0.RELEASE.jar:2.3.0.RELEASE]
	at org.springframework.boot.context.properties.bind.BindConverter.convert(BindConverter.java:88) ~[spring-boot-2.3.0.RELEASE.jar:2.3.0.RELEASE]
	at org.springframework.boot.context.properties.bind.Binder.bindProperty(Binder.java:434) ~[spring-boot-2.3.0.RELEASE.jar:2.3.0.RELEASE]
	at org.springframework.boot.context.properties.bind.Binder.bindObject(Binder.java:379) ~[spring-boot-2.3.0.RELEASE.jar:2.3.0.RELEASE]
	at org.springframework.boot.context.properties.bind.Binder.bind(Binder.java:319) ~[spring-boot-2.3.0.RELEASE.jar:2.3.0.RELEASE]
	... 40 common frames omitted
Caused by: java.lang.IllegalArgumentException: No enum constant org.springframework.boot.logging.LogLevel.root
	at org.springframework.boot.convert.LenientObjectToEnumConverterFactory$LenientToEnumConverter.findEnum(LenientObjectToEnumConverterFactory.java:93) ~[spring-boot-2.3.0.RELEASE.jar:2.3.0.RELEASE]
	at org.springframework.boot.convert.LenientObjectToEnumConverterFactory$LenientToEnumConverter.convert(LenientObjectToEnumConverterFactory.java:80) ~[spring-boot-2.3.0.RELEASE.jar:2.3.0.RELEASE]
	at org.springframework.boot.convert.LenientObjectToEnumConverterFactory$LenientToEnumConverter.convert(LenientObjectToEnumConverterFactory.java:61) ~[spring-boot-2.3.0.RELEASE.jar:2.3.0.RELEASE]
	at org.springframework.core.convert.support.GenericConversionService$ConverterFactoryAdapter.convert(GenericConversionService.java:436) ~[spring-core-5.2.6.RELEASE.jar:5.2.6.RELEASE]
	at org.springframework.core.convert.support.ConversionUtils.invokeConverter(ConversionUtils.java:41) ~[spring-core-5.2.6.RELEASE.jar:5.2.6.RELEASE]
	... 47 common frames omitted

2021-07-19 14:51:56.431  INFO 31606 --- [restartedMain] c.e.community.CommunityApplication       : Starting CommunityApplication on MBPdeguoxiaolin with PID 31606 (/Applications/code/community/target/classes started by guoxiaolin in /Applications/code/community)
2021-07-19 14:51:56.436  INFO 31606 --- [restartedMain] c.e.community.CommunityApplication       : No active profile set, falling back to default profiles: default
2021-07-19 14:51:56.496  INFO 31606 --- [restartedMain] .e.DevToolsPropertyDefaultsPostProcessor : Devtools property defaults active! Set 'spring.devtools.add-properties' to 'false' to disable
2021-07-19 14:51:56.497  INFO 31606 --- [restartedMain] .e.DevToolsPropertyDefaultsPostProcessor : For additional web related logging consider setting the 'logging.level.web' property to 'DEBUG'
2021-07-19 14:51:58.208  WARN 31606 --- [restartedMain] ConfigServletWebServerApplicationContext : Exception encountered during context initialization - cancelling refresh attempt: org.springframework.context.ApplicationContextException: Unable to start web server; nested exception is org.springframework.beans.factory.BeanCreationException: Error creating bean with name 'tomcatServletWebServerFactory' defined in class path resource [org/springframework/boot/autoconfigure/web/servlet/ServletWebServerFactoryConfiguration$EmbeddedTomcat.class]: Initialization of bean failed; nested exception is org.springframework.beans.factory.UnsatisfiedDependencyException: Error creating bean with name 'errorPageCustomizer' defined in class path resource [org/springframework/boot/autoconfigure/web/servlet/error/ErrorMvcAutoConfiguration.class]: Unsatisfied dependency expressed through method 'errorPageCustomizer' parameter 0; nested exception is org.springframework.beans.factory.BeanCreationException: Error creating bean with name 'dispatcherServletRegistration' defined in class path resource [org/springframework/boot/autoconfigure/web/servlet/DispatcherServletAutoConfiguration$DispatcherServletRegistrationConfiguration.class]: Bean instantiation via factory method failed; nested exception is org.springframework.beans.BeanInstantiationException: Failed to instantiate [org.springframework.boot.autoconfigure.web.servlet.DispatcherServletRegistrationBean]: Factory method 'dispatcherServletRegistration' threw exception; nested exception is org.springframework.beans.factory.UnsatisfiedDependencyException: Error creating bean with name 'org.springframework.boot.autoconfigure.web.servlet.MultipartAutoConfiguration': Unsatisfied dependency expressed through constructor parameter 0; nested exception is org.springframework.boot.context.properties.ConfigurationPropertiesBindException: Error creating bean with name 'spring.servlet.multipart-org.springframework.boot.autoconfigure.web.servlet.MultipartProperties': Could not bind properties to 'MultipartProperties' : prefix=spring.servlet.multipart, ignoreInvalidFields=false, ignoreUnknownFields=false; nested exception is org.springframework.boot.context.properties.bind.BindException: Failed to bind properties under 'spring.servlet.multipart' to org.springframework.boot.autoconfigure.web.servlet.MultipartProperties
2021-07-19 14:51:58.222  INFO 31606 --- [restartedMain] ConditionEvaluationReportLoggingListener : 

Error starting ApplicationContext. To display the conditions report re-run your application with 'debug' enabled.
2021-07-19 14:51:58.231 ERROR 31606 --- [restartedMain] o.s.b.d.LoggingFailureAnalysisReporter   : 

***************************
APPLICATION FAILED TO START
***************************

Description:

Binding to target [Bindable@2fd554ed type = org.springframework.boot.autoconfigure.web.servlet.MultipartProperties, value = 'provided', annotations = array<Annotation>[@org.springframework.boot.context.properties.ConfigurationProperties(ignoreInvalidFields=false, ignoreUnknownFields=false, prefix=spring.servlet.multipart, value=spring.servlet.multipart)]] failed:

    Property: spring.servlet.multipart.max-file-sizemybatis
    Value: 20MB
    Origin: class path resource [application.yml]:29:30
    Reason: The elements [spring.servlet.multipart.max-file-sizemybatis] were left unbound.

Action:

Update your application's configuration

2021-07-19 14:53:52.905  INFO 31647 --- [main] c.e.community.CommunityApplicationTests  : Starting CommunityApplicationTests on MBPdeguoxiaolin with PID 31647 (started by guoxiaolin in /Applications/code/community)
2021-07-19 14:53:52.907  INFO 31647 --- [main] c.e.community.CommunityApplicationTests  : No active profile set, falling back to default profiles: default
2021-07-19 14:53:56.903  INFO 31647 --- [main] pertySourcedRequestMappingHandlerMapping : Mapped URL path [/v2/api-docs] onto method [springfox.documentation.swagger2.web.Swagger2Controller#getDocumentation(String, HttpServletRequest)]
2021-07-19 14:53:57.438  INFO 31647 --- [main] o.s.s.concurrent.ThreadPoolTaskExecutor  : Initializing ExecutorService 'applicationTaskExecutor'
2021-07-19 14:53:57.526  INFO 31647 --- [main] o.s.b.a.w.s.WelcomePageHandlerMapping    : Adding welcome page template: index
2021-07-19 14:53:57.976  INFO 31647 --- [main] o.s.s.c.ThreadPoolTaskScheduler          : Initializing ExecutorService 'taskScheduler'
2021-07-19 14:53:58.062  INFO 31647 --- [main] d.s.w.p.DocumentationPluginsBootstrapper : Context refreshed
2021-07-19 14:53:58.092  INFO 31647 --- [main] d.s.w.p.DocumentationPluginsBootstrapper : Found 1 custom documentation plugin(s)
2021-07-19 14:53:58.170  INFO 31647 --- [main] s.d.s.w.s.ApiListingReferenceScanner     : Scanning for api listing references
2021-07-19 14:53:58.506  INFO 31647 --- [main] .d.s.w.r.o.CachingOperationNameGenerator : Generating unique operation named: profileUsingGET_1
2021-07-19 14:53:58.570  INFO 31647 --- [scheduling-1] c.e.community.schedule.HotTagTasks       : 开始时间： Mon Jul 19 14:53:58 CST 2021
2021-07-19 14:53:58.584  INFO 31647 --- [main] c.e.community.CommunityApplicationTests  : Started CommunityApplicationTests in 6.068 seconds (JVM running for 7.31)
2021-07-19 14:53:58.628  INFO 31647 --- [scheduling-1] com.zaxxer.hikari.HikariDataSource       : HikariPool-1 - Starting...
2021-07-19 14:53:59.006  INFO 31647 --- [SpringContextShutdownHook] o.s.s.c.ThreadPoolTaskScheduler          : Shutting down ExecutorService 'taskScheduler'
2021-07-19 14:53:59.007  INFO 31647 --- [SpringContextShutdownHook] o.s.s.concurrent.ThreadPoolTaskExecutor  : Shutting down ExecutorService 'applicationTaskExecutor'
2021-07-19 14:56:34.820  INFO 31755 --- [main] c.e.community.CommunityApplicationTests  : Starting CommunityApplicationTests on MBPdeguoxiaolin with PID 31755 (started by guoxiaolin in /Applications/code/community)
2021-07-19 14:56:34.822  INFO 31755 --- [main] c.e.community.CommunityApplicationTests  : No active profile set, falling back to default profiles: default
2021-07-19 14:56:38.995  INFO 31755 --- [main] pertySourcedRequestMappingHandlerMapping : Mapped URL path [/v2/api-docs] onto method [springfox.documentation.swagger2.web.Swagger2Controller#getDocumentation(String, HttpServletRequest)]
2021-07-19 14:56:39.422  INFO 31755 --- [main] o.s.s.concurrent.ThreadPoolTaskExecutor  : Initializing ExecutorService 'applicationTaskExecutor'
2021-07-19 14:56:39.524  INFO 31755 --- [main] o.s.b.a.w.s.WelcomePageHandlerMapping    : Adding welcome page template: index
2021-07-19 14:56:39.982  INFO 31755 --- [main] o.s.s.c.ThreadPoolTaskScheduler          : Initializing ExecutorService 'taskScheduler'
2021-07-19 14:56:40.072  INFO 31755 --- [main] d.s.w.p.DocumentationPluginsBootstrapper : Context refreshed
2021-07-19 14:56:40.121  INFO 31755 --- [main] d.s.w.p.DocumentationPluginsBootstrapper : Found 1 custom documentation plugin(s)
2021-07-19 14:56:40.201  INFO 31755 --- [main] s.d.s.w.s.ApiListingReferenceScanner     : Scanning for api listing references
2021-07-19 14:56:40.527  INFO 31755 --- [main] .d.s.w.r.o.CachingOperationNameGenerator : Generating unique operation named: profileUsingGET_1
2021-07-19 14:56:40.598  INFO 31755 --- [scheduling-1] c.e.community.schedule.HotTagTasks       : 开始时间： Mon Jul 19 14:56:40 CST 2021
2021-07-19 14:56:40.613  INFO 31755 --- [main] c.e.community.CommunityApplicationTests  : Started CommunityApplicationTests in 6.27 seconds (JVM running for 7.446)
2021-07-19 14:56:40.662  INFO 31755 --- [scheduling-1] com.zaxxer.hikari.HikariDataSource       : HikariPool-1 - Starting...
2021-07-19 14:56:41.026  INFO 31755 --- [SpringContextShutdownHook] o.s.s.c.ThreadPoolTaskScheduler          : Shutting down ExecutorService 'taskScheduler'
2021-07-19 14:56:41.027  INFO 31755 --- [SpringContextShutdownHook] o.s.s.concurrent.ThreadPoolTaskExecutor  : Shutting down ExecutorService 'applicationTaskExecutor'
2021-07-19 14:59:26.775  INFO 31847 --- [main] c.e.community.CommunityApplicationTests  : Starting CommunityApplicationTests on MBPdeguoxiaolin with PID 31847 (started by guoxiaolin in /Applications/code/community)
2021-07-19 14:59:26.777  INFO 31847 --- [main] c.e.community.CommunityApplicationTests  : No active profile set, falling back to default profiles: default
2021-07-19 14:59:31.617  INFO 31847 --- [main] pertySourcedRequestMappingHandlerMapping : Mapped URL path [/v2/api-docs] onto method [springfox.documentation.swagger2.web.Swagger2Controller#getDocumentation(String, HttpServletRequest)]
2021-07-19 14:59:32.058  INFO 31847 --- [main] o.s.s.concurrent.ThreadPoolTaskExecutor  : Initializing ExecutorService 'applicationTaskExecutor'
2021-07-19 14:59:32.160  INFO 31847 --- [main] o.s.b.a.w.s.WelcomePageHandlerMapping    : Adding welcome page template: index
2021-07-19 14:59:32.635  INFO 31847 --- [main] o.s.s.c.ThreadPoolTaskScheduler          : Initializing ExecutorService 'taskScheduler'
2021-07-19 14:59:32.727  INFO 31847 --- [main] d.s.w.p.DocumentationPluginsBootstrapper : Context refreshed
2021-07-19 14:59:32.752  INFO 31847 --- [main] d.s.w.p.DocumentationPluginsBootstrapper : Found 1 custom documentation plugin(s)
2021-07-19 14:59:32.828  INFO 31847 --- [main] s.d.s.w.s.ApiListingReferenceScanner     : Scanning for api listing references
2021-07-19 14:59:33.149  INFO 31847 --- [main] .d.s.w.r.o.CachingOperationNameGenerator : Generating unique operation named: profileUsingGET_1
2021-07-19 14:59:33.240  INFO 31847 --- [scheduling-1] c.e.community.schedule.HotTagTasks       : 开始时间： Mon Jul 19 14:59:33 CST 2021
2021-07-19 14:59:33.257  INFO 31847 --- [main] c.e.community.CommunityApplicationTests  : Started CommunityApplicationTests in 6.99 seconds (JVM running for 8.541)
2021-07-19 14:59:33.306  INFO 31847 --- [scheduling-1] com.zaxxer.hikari.HikariDataSource       : HikariPool-1 - Starting...
2021-07-19 14:59:33.664  INFO 31847 --- [SpringContextShutdownHook] o.s.s.c.ThreadPoolTaskScheduler          : Shutting down ExecutorService 'taskScheduler'
2021-07-19 14:59:33.665  INFO 31847 --- [SpringContextShutdownHook] o.s.s.concurrent.ThreadPoolTaskExecutor  : Shutting down ExecutorService 'applicationTaskExecutor'
